#! /usr/share/iverilog-0.9.7/bin/vvp
:ivl_version "0.9.7 " "(v0_9_6)";
:vpi_time_precision + 0;
:vpi_module "system";
:vpi_module "v2005_math";
:vpi_module "va_math";
S_0x2678bf0 .scope module, "tb" "tb" 2 1;
 .timescale 0 0;
v0x268c5b0_0 .var "clk", 0 0;
v0x268c680_0 .var "in", 0 0;
v0x268c730_0 .net "out", 0 0, v0x268c470_0; 1 drivers
S_0x2678ce0 .scope module, "sd0" "seqdetector" 2 4, 3 1, S_0x2678bf0;
 .timescale 0 0;
P_0x2678dd8 .param/l "s0" 3 4, +C4<0>;
P_0x2678e00 .param/l "s1" 3 4, +C4<01>;
P_0x2678e28 .param/l "s2" 3 4, +C4<010>;
P_0x2678e50 .param/l "s3" 3 4, +C4<011>;
v0x2674870_0 .net "clk", 0 0, v0x268c5b0_0; 1 drivers
v0x268c3d0_0 .net "in", 0 0, v0x268c680_0; 1 drivers
v0x268c470_0 .var "out", 0 0;
v0x268c510_0 .var "state", 1 0;
E_0x2653510 .event posedge, v0x2674870_0;
    .scope S_0x2678ce0;
T_0 ;
    %wait E_0x2653510;
    %load/v 8, v0x268c510_0, 2;
    %cmpi/u 8, 0, 2;
    %jmp/1 T_0.0, 6;
    %cmpi/u 8, 1, 2;
    %jmp/1 T_0.1, 6;
    %cmpi/u 8, 2, 2;
    %jmp/1 T_0.2, 6;
    %cmpi/u 8, 3, 2;
    %jmp/1 T_0.3, 6;
    %load/v 8, v0x268c3d0_0, 1;
    %inv 8, 1;
    %jmp/0xz  T_0.6, 8;
    %movi 8, 1, 2;
    %ix/load 0, 2, 0;
    %assign/v0 v0x268c510_0, 0, 8;
    %ix/load 0, 1, 0;
    %assign/v0 v0x268c470_0, 0, 0;
    %jmp T_0.7;
T_0.6 ;
    %ix/load 0, 2, 0;
    %assign/v0 v0x268c510_0, 0, 0;
    %ix/load 0, 1, 0;
    %assign/v0 v0x268c470_0, 0, 0;
T_0.7 ;
    %jmp T_0.5;
T_0.0 ;
    %load/v 8, v0x268c3d0_0, 1;
    %inv 8, 1;
    %jmp/0xz  T_0.8, 8;
    %movi 8, 1, 2;
    %ix/load 0, 2, 0;
    %assign/v0 v0x268c510_0, 0, 8;
    %ix/load 0, 1, 0;
    %assign/v0 v0x268c470_0, 0, 0;
    %jmp T_0.9;
T_0.8 ;
    %ix/load 0, 2, 0;
    %assign/v0 v0x268c510_0, 0, 0;
    %ix/load 0, 1, 0;
    %assign/v0 v0x268c470_0, 0, 0;
T_0.9 ;
    %jmp T_0.5;
T_0.1 ;
    %load/v 8, v0x268c3d0_0, 1;
    %inv 8, 1;
    %jmp/0xz  T_0.10, 8;
    %movi 8, 1, 2;
    %ix/load 0, 2, 0;
    %assign/v0 v0x268c510_0, 0, 8;
    %ix/load 0, 1, 0;
    %assign/v0 v0x268c470_0, 0, 0;
    %jmp T_0.11;
T_0.10 ;
    %movi 8, 2, 3;
    %ix/load 0, 2, 0;
    %assign/v0 v0x268c510_0, 0, 8;
    %ix/load 0, 1, 0;
    %assign/v0 v0x268c470_0, 0, 0;
T_0.11 ;
    %jmp T_0.5;
T_0.2 ;
    %load/v 8, v0x268c3d0_0, 1;
    %inv 8, 1;
    %jmp/0xz  T_0.12, 8;
    %movi 8, 1, 2;
    %ix/load 0, 2, 0;
    %assign/v0 v0x268c510_0, 0, 8;
    %ix/load 0, 1, 0;
    %assign/v0 v0x268c470_0, 0, 0;
    %jmp T_0.13;
T_0.12 ;
    %movi 8, 3, 3;
    %ix/load 0, 2, 0;
    %assign/v0 v0x268c510_0, 0, 8;
    %ix/load 0, 1, 0;
    %assign/v0 v0x268c470_0, 0, 0;
T_0.13 ;
    %jmp T_0.5;
T_0.3 ;
    %load/v 8, v0x268c3d0_0, 1;
    %inv 8, 1;
    %jmp/0xz  T_0.14, 8;
    %movi 8, 1, 2;
    %ix/load 0, 2, 0;
    %assign/v0 v0x268c510_0, 0, 8;
    %ix/load 0, 1, 0;
    %assign/v0 v0x268c470_0, 0, 1;
    %jmp T_0.15;
T_0.14 ;
    %ix/load 0, 2, 0;
    %assign/v0 v0x268c510_0, 0, 0;
    %ix/load 0, 1, 0;
    %assign/v0 v0x268c470_0, 0, 0;
T_0.15 ;
    %jmp T_0.5;
T_0.5 ;
    %jmp T_0;
    .thread T_0;
    .scope S_0x2678bf0;
T_1 ;
    %delay 5, 0;
    %load/v 8, v0x268c5b0_0, 1;
    %inv 8, 1;
    %set/v v0x268c5b0_0, 8, 1;
    %jmp T_1;
    .thread T_1;
    .scope S_0x2678bf0;
T_2 ;
    %set/v v0x268c5b0_0, 0, 1;
    %delay 5, 0;
    %set/v v0x268c680_0, 0, 1;
    %delay 10, 0;
    %set/v v0x268c680_0, 1, 1;
    %delay 10, 0;
    %set/v v0x268c680_0, 1, 1;
    %delay 10, 0;
    %set/v v0x268c680_0, 0, 1;
    %delay 10, 0;
    %set/v v0x268c680_0, 1, 1;
    %delay 10, 0;
    %set/v v0x268c680_0, 1, 1;
    %delay 10, 0;
    %set/v v0x268c680_0, 0, 1;
    %delay 5, 0;
    %vpi_call 2 23 "$finish";
    %end;
    .thread T_2;
    .scope S_0x2678bf0;
T_3 ;
    %vpi_call 2 27 "$dumpfile", "seqdetector.vcd";
    %vpi_call 2 28 "$dumpvars", 1'sb0, S_0x2678bf0;
    %vpi_call 2 29 "$monitor", $time, " in=%b out=%b ", v0x268c680_0, v0x268c730_0;
    %end;
    .thread T_3;
# The file index is used to find the file name in the following table.
:file_names 4;
    "N/A";
    "<interactive>";
    "testbench.sv";
    "design.sv";
